-------------------------------------------------------------------------------
Test set: com.springboot.blog.BlogApplicationTests
-------------------------------------------------------------------------------
Tests run: 1, Failures: 0, Errors: 1, Skipped: 0, Time elapsed: 0.148 s <<< FAILURE! - in com.springboot.blog.BlogApplicationTests
initializationError(com.springboot.blog.BlogApplicationTests)  Time elapsed: 0.006 s  <<< ERROR!
java.lang.Exception: No runnable methods

